<?xml version="1.0" encoding="UTF-8"?>
<coverage generated="1755097524787" clover="3.2.0">
  <project timestamp="1755097524788" name="All files">
    <metrics statements="38" coveredstatements="36" conditionals="11" coveredconditionals="10" methods="7" coveredmethods="7" elements="56" coveredelements="53" complexity="0" loc="38" ncloc="38" packages="1" files="2" classes="2"/>
    <file name="index.js" path="/home/plankton/frontend-project-46/src/index.js">
      <metrics statements="22" coveredstatements="21" conditionals="7" coveredconditionals="7" methods="3" coveredmethods="3"/>
      <line num="4" count="1" type="stmt"/>
      <line num="5" count="4" type="stmt"/>
      <line num="6" count="4" type="stmt"/>
      <line num="7" count="4" type="stmt"/>
      <line num="9" count="4" type="stmt"/>
      <line num="11" count="4" type="stmt"/>
      <line num="12" count="13" type="cond" truecount="2" falsecount="0"/>
      <line num="13" count="5" type="stmt"/>
      <line num="14" count="8" type="cond" truecount="2" falsecount="0"/>
      <line num="15" count="2" type="stmt"/>
      <line num="16" count="6" type="cond" truecount="2" falsecount="0"/>
      <line num="17" count="1" type="stmt"/>
      <line num="18" count="1" type="stmt"/>
      <line num="20" count="5" type="stmt"/>
      <line num="24" count="4" type="stmt"/>
      <line num="27" count="1" type="cond" truecount="1" falsecount="0"/>
      <line num="28" count="4" type="stmt"/>
      <line num="29" count="4" type="stmt"/>
      <line num="30" count="4" type="stmt"/>
      <line num="31" count="4" type="stmt"/>
      <line num="33" count="4" type="stmt"/>
      <line num="35" count="0" type="stmt"/>
    </file>
    <file name="parsers.js" path="/home/plankton/frontend-project-46/src/parsers.js">
      <metrics statements="16" coveredstatements="15" conditionals="4" coveredconditionals="3" methods="4" coveredmethods="4"/>
      <line num="4" count="1" type="stmt"/>
      <line num="5" count="8" type="cond" truecount="1" falsecount="1"/>
      <line num="8" count="8" type="cond" truecount="2" falsecount="0"/>
      <line num="9" count="3" type="stmt"/>
      <line num="11" count="5" type="stmt"/>
      <line num="13" count="0" type="stmt"/>
      <line num="17" count="1" type="stmt"/>
      <line num="18" count="8" type="stmt"/>
      <line num="19" count="8" type="stmt"/>
      <line num="22" count="1" type="stmt"/>
      <line num="23" count="8" type="stmt"/>
      <line num="24" count="8" type="stmt"/>
      <line num="27" count="1" type="stmt"/>
      <line num="28" count="8" type="stmt"/>
      <line num="29" count="8" type="stmt"/>
      <line num="30" count="8" type="stmt"/>
    </file>
  </project>
</coverage>
