{"/home/plankton/frontend-project-46/src/index.js": {"path":"/home/plankton/frontend-project-46/src/index.js","statementMap":{"0":{"start":{"line":4,"column":18},"end":{"line":25,"column":1}},"1":{"start":{"line":5,"column":16},"end":{"line":5,"column":34}},"2":{"start":{"line":6,"column":16},"end":{"line":6,"column":34}},"3":{"start":{"line":7,"column":18},"end":{"line":7,"column":59}},"4":{"start":{"line":9,"column":16},"end":{"line":9,"column":18}},"5":{"start":{"line":11,"column":2},"end":{"line":22,"column":5}},"6":{"start":{"line":12,"column":4},"end":{"line":21,"column":5}},"7":{"start":{"line":13,"column":6},"end":{"line":13,"column":62}},"8":{"start":{"line":14,"column":11},"end":{"line":21,"column":5}},"9":{"start":{"line":15,"column":6},"end":{"line":15,"column":62}},"10":{"start":{"line":16,"column":11},"end":{"line":21,"column":5}},"11":{"start":{"line":17,"column":6},"end":{"line":17,"column":62}},"12":{"start":{"line":18,"column":6},"end":{"line":18,"column":62}},"13":{"start":{"line":20,"column":6},"end":{"line":20,"column":62}},"14":{"start":{"line":24,"column":2},"end":{"line":24,"column":41}},"15":{"start":{"line":27,"column":16},"end":{"line":37,"column":1}},"16":{"start":{"line":28,"column":18},"end":{"line":28,"column":24}},"17":{"start":{"line":29,"column":2},"end":{"line":36,"column":3}},"18":{"start":{"line":30,"column":18},"end":{"line":30,"column":38}},"19":{"start":{"line":31,"column":18},"end":{"line":31,"column":38}},"20":{"start":{"line":33,"column":4},"end":{"line":33,"column":35}},"21":{"start":{"line":35,"column":4},"end":{"line":35,"column":37}}},"fnMap":{"0":{"name":"(anonymous_0)","decl":{"start":{"line":4,"column":18},"end":{"line":4,"column":19}},"loc":{"start":{"line":4,"column":36},"end":{"line":25,"column":1}},"line":4},"1":{"name":"(anonymous_1)","decl":{"start":{"line":11,"column":18},"end":{"line":11,"column":19}},"loc":{"start":{"line":11,"column":27},"end":{"line":22,"column":3}},"line":11},"2":{"name":"(anonymous_2)","decl":{"start":{"line":27,"column":16},"end":{"line":27,"column":17}},"loc":{"start":{"line":27,"column":62},"end":{"line":37,"column":1}},"line":27}},"branchMap":{"0":{"loc":{"start":{"line":12,"column":4},"end":{"line":21,"column":5}},"type":"if","locations":[{"start":{"line":12,"column":4},"end":{"line":21,"column":5}},{"start":{"line":14,"column":11},"end":{"line":21,"column":5}}],"line":12},"1":{"loc":{"start":{"line":14,"column":11},"end":{"line":21,"column":5}},"type":"if","locations":[{"start":{"line":14,"column":11},"end":{"line":21,"column":5}},{"start":{"line":16,"column":11},"end":{"line":21,"column":5}}],"line":14},"2":{"loc":{"start":{"line":16,"column":11},"end":{"line":21,"column":5}},"type":"if","locations":[{"start":{"line":16,"column":11},"end":{"line":21,"column":5}},{"start":{"line":19,"column":11},"end":{"line":21,"column":5}}],"line":16},"3":{"loc":{"start":{"line":27,"column":39},"end":{"line":27,"column":57}},"type":"default-arg","locations":[{"start":{"line":27,"column":48},"end":{"line":27,"column":57}}],"line":27}},"s":{"0":1,"1":6,"2":6,"3":6,"4":6,"5":6,"6":23,"7":7,"8":16,"9":6,"10":10,"11":3,"12":3,"13":7,"14":6,"15":1,"16":6,"17":6,"18":6,"19":6,"20":6,"21":0},"f":{"0":6,"1":23,"2":6},"b":{"0":[7,16],"1":[6,10],"2":[3,7],"3":[6]},"_coverageSchema":"1a1c01bbd47fc00a2c39e90264f33305004495a9","hash":"7811ec33f6e3a2074ce68f41cd9395b54ea51f77"}
,"/home/plankton/frontend-project-46/src/parsers.js": {"path":"/home/plankton/frontend-project-46/src/parsers.js","statementMap":{"0":{"start":{"line":5,"column":18},"end":{"line":21,"column":1}},"1":{"start":{"line":6,"column":2},"end":{"line":20,"column":3}},"2":{"start":{"line":8,"column":4},"end":{"line":10,"column":5}},"3":{"start":{"line":9,"column":6},"end":{"line":9,"column":16}},"4":{"start":{"line":11,"column":4},"end":{"line":11,"column":28}},"5":{"start":{"line":14,"column":4},"end":{"line":16,"column":5}},"6":{"start":{"line":15,"column":6},"end":{"line":15,"column":16}},"7":{"start":{"line":17,"column":4},"end":{"line":17,"column":27}},"8":{"start":{"line":19,"column":4},"end":{"line":19,"column":53}},"9":{"start":{"line":23,"column":22},"end":{"line":26,"column":1}},"10":{"start":{"line":24,"column":14},"end":{"line":24,"column":59}},"11":{"start":{"line":25,"column":2},"end":{"line":25,"column":13}},"12":{"start":{"line":28,"column":17},"end":{"line":31,"column":1}},"13":{"start":{"line":29,"column":23},"end":{"line":29,"column":60}},"14":{"start":{"line":30,"column":2},"end":{"line":30,"column":48}},"15":{"start":{"line":33,"column":18},"end":{"line":37,"column":1}},"16":{"start":{"line":34,"column":15},"end":{"line":34,"column":33}},"17":{"start":{"line":35,"column":17},"end":{"line":35,"column":40}},"18":{"start":{"line":36,"column":2},"end":{"line":36,"column":33}}},"fnMap":{"0":{"name":"(anonymous_0)","decl":{"start":{"line":5,"column":18},"end":{"line":5,"column":19}},"loc":{"start":{"line":5,"column":36},"end":{"line":21,"column":1}},"line":5},"1":{"name":"(anonymous_1)","decl":{"start":{"line":23,"column":22},"end":{"line":23,"column":23}},"loc":{"start":{"line":23,"column":36},"end":{"line":26,"column":1}},"line":23},"2":{"name":"(anonymous_2)","decl":{"start":{"line":28,"column":17},"end":{"line":28,"column":18}},"loc":{"start":{"line":28,"column":31},"end":{"line":31,"column":1}},"line":28},"3":{"name":"(anonymous_3)","decl":{"start":{"line":33,"column":18},"end":{"line":33,"column":19}},"loc":{"start":{"line":33,"column":32},"end":{"line":37,"column":1}},"line":33}},"branchMap":{"0":{"loc":{"start":{"line":6,"column":2},"end":{"line":20,"column":3}},"type":"switch","locations":[{"start":{"line":7,"column":2},"end":{"line":11,"column":28}},{"start":{"line":12,"column":2},"end":{"line":12,"column":13}},{"start":{"line":13,"column":2},"end":{"line":17,"column":27}},{"start":{"line":18,"column":2},"end":{"line":19,"column":53}}],"line":6},"1":{"loc":{"start":{"line":8,"column":4},"end":{"line":10,"column":5}},"type":"if","locations":[{"start":{"line":8,"column":4},"end":{"line":10,"column":5}},{"start":{},"end":{}}],"line":8},"2":{"loc":{"start":{"line":14,"column":4},"end":{"line":16,"column":5}},"type":"if","locations":[{"start":{"line":14,"column":4},"end":{"line":16,"column":5}},{"start":{},"end":{}}],"line":14}},"s":{"0":1,"1":12,"2":9,"3":3,"4":6,"5":3,"6":0,"7":3,"8":0,"9":1,"10":12,"11":12,"12":1,"13":12,"14":12,"15":1,"16":12,"17":12,"18":12},"f":{"0":12,"1":12,"2":12,"3":12},"b":{"0":[9,0,3,0],"1":[3,6],"2":[0,3]},"_coverageSchema":"1a1c01bbd47fc00a2c39e90264f33305004495a9","hash":"63be0ff2398d736cab6e48a906e88ce9a47f314a"}
}
