{"/home/plankton/frontend-project-46/src/index.js": {"path":"/home/plankton/frontend-project-46/src/index.js","statementMap":{"0":{"start":{"line":4,"column":18},"end":{"line":25,"column":1}},"1":{"start":{"line":5,"column":16},"end":{"line":5,"column":34}},"2":{"start":{"line":6,"column":16},"end":{"line":6,"column":34}},"3":{"start":{"line":7,"column":18},"end":{"line":7,"column":59}},"4":{"start":{"line":9,"column":16},"end":{"line":9,"column":18}},"5":{"start":{"line":11,"column":2},"end":{"line":22,"column":5}},"6":{"start":{"line":12,"column":4},"end":{"line":21,"column":5}},"7":{"start":{"line":13,"column":6},"end":{"line":13,"column":62}},"8":{"start":{"line":14,"column":11},"end":{"line":21,"column":5}},"9":{"start":{"line":15,"column":6},"end":{"line":15,"column":62}},"10":{"start":{"line":16,"column":11},"end":{"line":21,"column":5}},"11":{"start":{"line":17,"column":6},"end":{"line":17,"column":62}},"12":{"start":{"line":18,"column":6},"end":{"line":18,"column":62}},"13":{"start":{"line":20,"column":6},"end":{"line":20,"column":62}},"14":{"start":{"line":24,"column":2},"end":{"line":24,"column":41}},"15":{"start":{"line":27,"column":16},"end":{"line":37,"column":1}},"16":{"start":{"line":28,"column":18},"end":{"line":28,"column":24}},"17":{"start":{"line":29,"column":2},"end":{"line":36,"column":3}},"18":{"start":{"line":30,"column":18},"end":{"line":30,"column":38}},"19":{"start":{"line":31,"column":18},"end":{"line":31,"column":38}},"20":{"start":{"line":33,"column":4},"end":{"line":33,"column":35}},"21":{"start":{"line":35,"column":4},"end":{"line":35,"column":37}}},"fnMap":{"0":{"name":"(anonymous_0)","decl":{"start":{"line":4,"column":18},"end":{"line":4,"column":19}},"loc":{"start":{"line":4,"column":36},"end":{"line":25,"column":1}},"line":4},"1":{"name":"(anonymous_1)","decl":{"start":{"line":11,"column":18},"end":{"line":11,"column":19}},"loc":{"start":{"line":11,"column":27},"end":{"line":22,"column":3}},"line":11},"2":{"name":"(anonymous_2)","decl":{"start":{"line":27,"column":16},"end":{"line":27,"column":17}},"loc":{"start":{"line":27,"column":62},"end":{"line":37,"column":1}},"line":27}},"branchMap":{"0":{"loc":{"start":{"line":12,"column":4},"end":{"line":21,"column":5}},"type":"if","locations":[{"start":{"line":12,"column":4},"end":{"line":21,"column":5}},{"start":{"line":14,"column":11},"end":{"line":21,"column":5}}],"line":12},"1":{"loc":{"start":{"line":14,"column":11},"end":{"line":21,"column":5}},"type":"if","locations":[{"start":{"line":14,"column":11},"end":{"line":21,"column":5}},{"start":{"line":16,"column":11},"end":{"line":21,"column":5}}],"line":14},"2":{"loc":{"start":{"line":16,"column":11},"end":{"line":21,"column":5}},"type":"if","locations":[{"start":{"line":16,"column":11},"end":{"line":21,"column":5}},{"start":{"line":19,"column":11},"end":{"line":21,"column":5}}],"line":16},"3":{"loc":{"start":{"line":27,"column":39},"end":{"line":27,"column":57}},"type":"default-arg","locations":[{"start":{"line":27,"column":48},"end":{"line":27,"column":57}}],"line":27}},"s":{"0":1,"1":4,"2":4,"3":4,"4":4,"5":4,"6":13,"7":5,"8":8,"9":2,"10":6,"11":1,"12":1,"13":5,"14":4,"15":1,"16":4,"17":4,"18":4,"19":4,"20":4,"21":0},"f":{"0":4,"1":13,"2":4},"b":{"0":[5,8],"1":[2,6],"2":[1,5],"3":[4]},"_coverageSchema":"1a1c01bbd47fc00a2c39e90264f33305004495a9","hash":"7811ec33f6e3a2074ce68f41cd9395b54ea51f77"}
,"/home/plankton/frontend-project-46/src/parsers.js": {"path":"/home/plankton/frontend-project-46/src/parsers.js","statementMap":{"0":{"start":{"line":4,"column":18},"end":{"line":15,"column":1}},"1":{"start":{"line":5,"column":2},"end":{"line":14,"column":3}},"2":{"start":{"line":8,"column":4},"end":{"line":10,"column":5}},"3":{"start":{"line":9,"column":6},"end":{"line":9,"column":16}},"4":{"start":{"line":11,"column":4},"end":{"line":11,"column":28}},"5":{"start":{"line":13,"column":4},"end":{"line":13,"column":53}},"6":{"start":{"line":17,"column":22},"end":{"line":20,"column":1}},"7":{"start":{"line":18,"column":14},"end":{"line":18,"column":45}},"8":{"start":{"line":19,"column":2},"end":{"line":19,"column":13}},"9":{"start":{"line":22,"column":17},"end":{"line":25,"column":1}},"10":{"start":{"line":23,"column":23},"end":{"line":23,"column":60}},"11":{"start":{"line":24,"column":2},"end":{"line":24,"column":48}},"12":{"start":{"line":27,"column":18},"end":{"line":31,"column":1}},"13":{"start":{"line":28,"column":15},"end":{"line":28,"column":33}},"14":{"start":{"line":29,"column":17},"end":{"line":29,"column":40}},"15":{"start":{"line":30,"column":2},"end":{"line":30,"column":33}}},"fnMap":{"0":{"name":"(anonymous_0)","decl":{"start":{"line":4,"column":18},"end":{"line":4,"column":19}},"loc":{"start":{"line":4,"column":36},"end":{"line":15,"column":1}},"line":4},"1":{"name":"(anonymous_1)","decl":{"start":{"line":17,"column":22},"end":{"line":17,"column":23}},"loc":{"start":{"line":17,"column":36},"end":{"line":20,"column":1}},"line":17},"2":{"name":"(anonymous_2)","decl":{"start":{"line":22,"column":17},"end":{"line":22,"column":18}},"loc":{"start":{"line":22,"column":31},"end":{"line":25,"column":1}},"line":22},"3":{"name":"(anonymous_3)","decl":{"start":{"line":27,"column":18},"end":{"line":27,"column":19}},"loc":{"start":{"line":27,"column":32},"end":{"line":31,"column":1}},"line":27}},"branchMap":{"0":{"loc":{"start":{"line":5,"column":2},"end":{"line":14,"column":3}},"type":"switch","locations":[{"start":{"line":6,"column":2},"end":{"line":11,"column":28}},{"start":{"line":12,"column":2},"end":{"line":13,"column":53}}],"line":5},"1":{"loc":{"start":{"line":8,"column":4},"end":{"line":10,"column":5}},"type":"if","locations":[{"start":{"line":8,"column":4},"end":{"line":10,"column":5}},{"start":{},"end":{}}],"line":8}},"s":{"0":1,"1":8,"2":8,"3":3,"4":5,"5":0,"6":1,"7":8,"8":8,"9":1,"10":8,"11":8,"12":1,"13":8,"14":8,"15":8},"f":{"0":8,"1":8,"2":8,"3":8},"b":{"0":[8,0],"1":[3,5]},"_coverageSchema":"1a1c01bbd47fc00a2c39e90264f33305004495a9","hash":"b750ac2ec2c326e46dc744d8b2efa8dfd8eb6201"}
}
