TN:
SF:src/index.js
FN:4,(anonymous_0)
FN:11,(anonymous_1)
FN:27,(anonymous_2)
FNF:3
FNH:3
FNDA:4,(anonymous_0)
FNDA:13,(anonymous_1)
FNDA:4,(anonymous_2)
DA:4,1
DA:5,4
DA:6,4
DA:7,4
DA:9,4
DA:11,4
DA:12,13
DA:13,5
DA:14,8
DA:15,2
DA:16,6
DA:17,1
DA:18,1
DA:20,5
DA:24,4
DA:27,1
DA:28,4
DA:29,4
DA:30,4
DA:31,4
DA:33,4
DA:35,0
LF:22
LH:21
BRDA:12,0,0,5
BRDA:12,0,1,8
BRDA:14,1,0,2
BRDA:14,1,1,6
BRDA:16,2,0,1
BRDA:16,2,1,5
BRDA:27,3,0,4
BRF:7
BRH:7
end_of_record
TN:
SF:src/parsers.js
FN:4,(anonymous_0)
FN:17,(anonymous_1)
FN:22,(anonymous_2)
FN:27,(anonymous_3)
FNF:4
FNH:4
FNDA:8,(anonymous_0)
FNDA:8,(anonymous_1)
FNDA:8,(anonymous_2)
FNDA:8,(anonymous_3)
DA:4,1
DA:5,8
DA:8,8
DA:9,3
DA:11,5
DA:13,0
DA:17,1
DA:18,8
DA:19,8
DA:22,1
DA:23,8
DA:24,8
DA:27,1
DA:28,8
DA:29,8
DA:30,8
LF:16
LH:15
BRDA:5,0,0,8
BRDA:5,0,1,0
BRDA:8,1,0,3
BRDA:8,1,1,5
BRF:4
BRH:3
end_of_record
