TN:
SF:src/index.js
FN:4,(anonymous_0)
FN:11,(anonymous_1)
FN:27,(anonymous_2)
FNF:3
FNH:3
FNDA:6,(anonymous_0)
FNDA:23,(anonymous_1)
FNDA:6,(anonymous_2)
DA:4,1
DA:5,6
DA:6,6
DA:7,6
DA:9,6
DA:11,6
DA:12,23
DA:13,7
DA:14,16
DA:15,6
DA:16,10
DA:17,3
DA:18,3
DA:20,7
DA:24,6
DA:27,1
DA:28,6
DA:29,6
DA:30,6
DA:31,6
DA:33,6
DA:35,0
LF:22
LH:21
BRDA:12,0,0,7
BRDA:12,0,1,16
BRDA:14,1,0,6
BRDA:14,1,1,10
BRDA:16,2,0,3
BRDA:16,2,1,7
BRDA:27,3,0,6
BRF:7
BRH:7
end_of_record
TN:
SF:src/parsers.js
FN:5,(anonymous_0)
FN:23,(anonymous_1)
FN:28,(anonymous_2)
FN:33,(anonymous_3)
FNF:4
FNH:4
FNDA:12,(anonymous_0)
FNDA:12,(anonymous_1)
FNDA:12,(anonymous_2)
FNDA:12,(anonymous_3)
DA:5,1
DA:6,12
DA:8,9
DA:9,3
DA:11,6
DA:14,3
DA:15,0
DA:17,3
DA:19,0
DA:23,1
DA:24,12
DA:25,12
DA:28,1
DA:29,12
DA:30,12
DA:33,1
DA:34,12
DA:35,12
DA:36,12
LF:19
LH:17
BRDA:6,0,0,9
BRDA:6,0,1,0
BRDA:6,0,2,3
BRDA:6,0,3,0
BRDA:8,1,0,3
BRDA:8,1,1,6
BRDA:14,2,0,0
BRDA:14,2,1,3
BRF:8
BRH:5
end_of_record
